# JRE version: Java(TM) SE Runtime Environment (23.0.2+7) (build 23.0.2+7-58)
# Java VM: Java HotSpot(TM) 64-Bit Server VM (23.0.2+7-58, mixed mode, sharing, tiered, compressed oops, compressed class ptrs, g1 gc, windows-amd64)
GC Precious Log:
 CardTable entry size: 512
 Card Set container configuration: InlinePtr #cards 4 size 8 Array Of Cards #cards 16 size 48 Howl #buckets 8 coarsen threshold 3686 Howl Bitmap #cards 512 size 80 coarsen threshold 460 Card regions per heap region 1 cards per card region 4096
 CPUs: 28 total, 28 available
 Memory: 16087M
 Large Page Support: Disabled
 NUMA Support: Disabled
 Compressed Oops: Enabled (Zero based)
 Heap Region Size: 2M
 Heap Min Capacity: 8M
 Heap Initial Capacity: 252M
 Heap Max Capacity: 4022M
 Pre-touch: Disabled
 Parallel Workers: 20
 Concurrent Workers: 5
 Concurrent Refinement Workers: 20
 Periodic GC: Disabled
Heap:
 garbage-first heap   total reserved 4118528K, committed 604160K, used 389215K [0x0000000704a00000, 0x0000000800000000)
  region size 2048K, 3 young (6144K), 2 survivors (4096K)
 Metaspace       used 22276K, committed 22656K, reserved 1114112K
  class space    used 2625K, committed 2816K, reserved 1048576K
GC Heap History (18 events):
Event: 0.829 GC heap before
{Heap before GC invocations=0 (full 0):
 garbage-first heap   total reserved 4118528K, committed 258048K, used 114688K [0x0000000704a00000, 0x0000000800000000)
  region size 2048K, 8 young (16384K), 0 survivors (0K)
 Metaspace       used 7547K, committed 7744K, reserved 1114112K
  class space    used 883K, committed 960K, reserved 1048576K
}
Event: 0.835 GC heap after
{Heap after GC invocations=1 (full 0):
 garbage-first heap   total reserved 4118528K, committed 258048K, used 104714K [0x0000000704a00000, 0x0000000800000000)
  region size 2048K, 2 young (4096K), 2 survivors (4096K)
 Metaspace       used 7547K, committed 7744K, reserved 1114112K
  class space    used 883K, committed 960K, reserved 1048576K
}
Event: 0.907 GC heap before
{Heap before GC invocations=1 (full 0):
 garbage-first heap   total reserved 4118528K, committed 258048K, used 133386K [0x0000000704a00000, 0x0000000800000000)
  region size 2048K, 3 young (6144K), 2 survivors (4096K)
 Metaspace       used 7812K, committed 8128K, reserved 1114112K
  class space    used 927K, committed 1088K, reserved 1048576K
}
Event: 0.912 GC heap after
{Heap after GC invocations=2 (full 0):
 garbage-first heap   total reserved 4118528K, committed 258048K, used 133987K [0x0000000704a00000, 0x0000000800000000)
  region size 2048K, 1 young (2048K), 1 survivors (2048K)
 Metaspace       used 7812K, committed 8128K, reserved 1114112K
  class space    used 927K, committed 1088K, reserved 1048576K
}
Event: 1.547 GC heap before
{Heap before GC invocations=3 (full 0):
 garbage-first heap   total reserved 4118528K, committed 315392K, used 187235K [0x0000000704a00000, 0x0000000800000000)
  region size 2048K, 3 young (6144K), 1 survivors (2048K)
 Metaspace       used 11087K, committed 11456K, reserved 1114112K
  class space    used 1310K, committed 1472K, reserved 1048576K
}
Event: 1.550 GC heap after
{Heap after GC invocations=4 (full 0):
 garbage-first heap   total reserved 4118528K, committed 315392K, used 185536K [0x0000000704a00000, 0x0000000800000000)
  region size 2048K, 1 young (2048K), 1 survivors (2048K)
 Metaspace       used 11087K, committed 11456K, reserved 1114112K
  class space    used 1310K, committed 1472K, reserved 1048576K
}
Event: 3.860 GC heap before
{Heap before GC invocations=5 (full 0):
 garbage-first heap   total reserved 4118528K, committed 362496K, used 244928K [0x0000000704a00000, 0x0000000800000000)
  region size 2048K, 18 young (36864K), 1 survivors (2048K)
 Metaspace       used 12969K, committed 13376K, reserved 1114112K
  class space    used 1538K, committed 1728K, reserved 1048576K
}
Event: 3.863 GC heap after
{Heap after GC invocations=6 (full 0):
 garbage-first heap   total reserved 4118528K, committed 362496K, used 214454K [0x0000000704a00000, 0x0000000800000000)
  region size 2048K, 1 young (2048K), 1 survivors (2048K)
 Metaspace       used 12969K, committed 13376K, reserved 1114112K
  class space    used 1538K, committed 1728K, reserved 1048576K
}
Event: 8.009 GC heap before
{Heap before GC invocations=7 (full 0):
 garbage-first heap   total reserved 4118528K, committed 409600K, used 277942K [0x0000000704a00000, 0x0000000800000000)
  region size 2048K, 19 young (38912K), 1 survivors (2048K)
 Metaspace       used 15022K, committed 15424K, reserved 1114112K
  class space    used 1798K, committed 1984K, reserved 1048576K
}
Event: 8.013 GC heap after
{Heap after GC invocations=8 (full 0):
 garbage-first heap   total reserved 4118528K, committed 409600K, used 243653K [0x0000000704a00000, 0x0000000800000000)
  region size 2048K, 1 young (2048K), 1 survivors (2048K)
 Metaspace       used 15022K, committed 15424K, reserved 1114112K
  class space    used 1798K, committed 1984K, reserved 1048576K
}
Event: 13.145 GC heap before
{Heap before GC invocations=9 (full 0):
 garbage-first heap   total reserved 4118528K, committed 458752K, used 313285K [0x0000000704a00000, 0x0000000800000000)
  region size 2048K, 22 young (45056K), 1 survivors (2048K)
 Metaspace       used 22271K, committed 22592K, reserved 1114112K
  class space    used 2625K, committed 2752K, reserved 1048576K
}
Event: 13.152 GC heap after
{Heap after GC invocations=10 (full 0):
 garbage-first heap   total reserved 4118528K, committed 458752K, used 274376K [0x0000000704a00000, 0x0000000800000000)
  region size 2048K, 2 young (4096K), 2 survivors (4096K)
 Metaspace       used 22271K, committed 22592K, reserved 1114112K
  class space    used 2625K, committed 2752K, reserved 1048576K
}
Event: 13.498 GC heap before
{Heap before GC invocations=11 (full 0):
 garbage-first heap   total reserved 4118528K, committed 509952K, used 331720K [0x0000000704a00000, 0x0000000800000000)
  region size 2048K, 17 young (34816K), 2 survivors (4096K)
 Metaspace       used 22274K, committed 22592K, reserved 1114112K
  class space    used 2625K, committed 2752K, reserved 1048576K
}
Event: 13.502 GC heap after
{Heap after GC invocations=12 (full 0):
 garbage-first heap   total reserved 4118528K, committed 509952K, used 303171K [0x0000000704a00000, 0x0000000800000000)
  region size 2048K, 2 young (4096K), 2 survivors (4096K)
 Metaspace       used 22274K, committed 22592K, reserved 1114112K
  class space    used 2625K, committed 2752K, reserved 1048576K
}
Event: 13.766 GC heap before
{Heap before GC invocations=13 (full 0):
 garbage-first heap   total reserved 4118528K, committed 557056K, used 360515K [0x0000000704a00000, 0x0000000800000000)
  region size 2048K, 17 young (34816K), 2 survivors (4096K)
 Metaspace       used 22276K, committed 22656K, reserved 1114112K
  class space    used 2625K, committed 2816K, reserved 1048576K
}
Event: 13.770 GC heap after
{Heap after GC invocations=14 (full 0):
 garbage-first heap   total reserved 4118528K, committed 557056K, used 331784K [0x0000000704a00000, 0x0000000800000000)
  region size 2048K, 2 young (4096K), 2 survivors (4096K)
 Metaspace       used 22276K, committed 22656K, reserved 1114112K
  class space    used 2625K, committed 2816K, reserved 1048576K
}
Event: 14.056 GC heap before
{Heap before GC invocations=15 (full 0):
 garbage-first heap   total reserved 4118528K, committed 604160K, used 389128K [0x0000000704a00000, 0x0000000800000000)
  region size 2048K, 17 young (34816K), 2 survivors (4096K)
 Metaspace       used 22276K, committed 22656K, reserved 1114112K
  class space    used 2625K, committed 2816K, reserved 1048576K
}
Event: 14.060 GC heap after
{Heap after GC invocations=16 (full 0):
 garbage-first heap   total reserved 4118528K, committed 604160K, used 360543K [0x0000000704a00000, 0x0000000800000000)
  region size 2048K, 2 young (4096K), 2 survivors (4096K)
 Metaspace       used 22276K, committed 22656K, reserved 1114112K
  class space    used 2625K, committed 2816K, reserved 1048576K
}

